2024-08-26 16:18:23.437  INFO 17664 --- [main] com.example.demo.DemoApplication         : Starting DemoApplication using Java 11.0.23 on DESKTOP-9UC9HAD with PID 17664 (C:\Users\Playdata\wj\docker-practice\basic2\demo\out\production\classes started by Playdata in C:\Users\Playdata\wj\docker-practice\basic2\demo)
2024-08-26 16:18:23.440  INFO 17664 --- [main] com.example.demo.DemoApplication         : No active profile set, falling back to 1 default profile: "default"
2024-08-26 16:18:24.207  INFO 17664 --- [main] .s.d.r.c.RepositoryConfigurationDelegate : Bootstrapping Spring Data JPA repositories in DEFAULT mode.
2024-08-26 16:18:24.224  INFO 17664 --- [main] .s.d.r.c.RepositoryConfigurationDelegate : Finished Spring Data repository scanning in 6 ms. Found 0 JPA repository interfaces.
2024-08-26 16:18:24.992  INFO 17664 --- [main] o.s.b.w.embedded.tomcat.TomcatWebServer  : Tomcat initialized with port(s): 8080 (http)
2024-08-26 16:18:25.004  INFO 17664 --- [main] o.apache.catalina.core.StandardService   : Starting service [Tomcat]
2024-08-26 16:18:25.004  INFO 17664 --- [main] org.apache.catalina.core.StandardEngine  : Starting Servlet engine: [Apache Tomcat/9.0.74]
2024-08-26 16:18:25.135  INFO 17664 --- [main] o.a.c.c.C.[Tomcat].[localhost].[/]       : Initializing Spring embedded WebApplicationContext
2024-08-26 16:18:25.135  INFO 17664 --- [main] w.s.c.ServletWebServerApplicationContext : Root WebApplicationContext: initialization completed in 1619 ms
2024-08-26 16:18:25.340  INFO 17664 --- [main] o.hibernate.jpa.internal.util.LogHelper  : HHH000204: Processing PersistenceUnitInfo [name: default]
2024-08-26 16:18:25.395  INFO 17664 --- [main] org.hibernate.Version                    : HHH000412: Hibernate ORM core version 5.6.15.Final
2024-08-26 16:18:25.585  INFO 17664 --- [main] o.hibernate.annotations.common.Version   : HCANN000001: Hibernate Commons Annotations {5.1.2.Final}
2024-08-26 16:18:25.699  INFO 17664 --- [main] com.zaxxer.hikari.HikariDataSource       : HikariPool-1 - Starting...
2024-08-26 16:18:25.765  INFO 17664 --- [main] com.zaxxer.hikari.HikariDataSource       : HikariPool-1 - Start completed.
2024-08-26 16:18:25.782  INFO 17664 --- [main] org.hibernate.dialect.Dialect            : HHH000400: Using dialect: org.hibernate.dialect.MariaDBDialect
2024-08-26 16:18:26.346  INFO 17664 --- [main] o.h.e.t.j.p.i.JtaPlatformInitiator       : HHH000490: Using JtaPlatform implementation: [org.hibernate.engine.transaction.jta.platform.internal.NoJtaPlatform]
2024-08-26 16:18:26.355  INFO 17664 --- [main] j.LocalContainerEntityManagerFactoryBean : Initialized JPA EntityManagerFactory for persistence unit 'default'
2024-08-26 16:18:26.401  WARN 17664 --- [main] JpaBaseConfiguration$JpaWebConfiguration : spring.jpa.open-in-view is enabled by default. Therefore, database queries may be performed during view rendering. Explicitly configure spring.jpa.open-in-view to disable this warning
2024-08-26 16:18:26.760  INFO 17664 --- [main] o.s.b.w.embedded.tomcat.TomcatWebServer  : Tomcat started on port(s): 8080 (http) with context path ''
2024-08-26 16:18:26.769  INFO 17664 --- [main] com.example.demo.DemoApplication         : Started DemoApplication in 3.893 seconds (JVM running for 4.464)
2024-08-26 16:19:18.297  INFO 17664 --- [http-nio-8080-exec-1] o.a.c.c.C.[Tomcat].[localhost].[/]       : Initializing Spring DispatcherServlet 'dispatcherServlet'
2024-08-26 16:19:18.298  INFO 17664 --- [http-nio-8080-exec-1] o.s.web.servlet.DispatcherServlet        : Initializing Servlet 'dispatcherServlet'
2024-08-26 16:19:18.299  INFO 17664 --- [http-nio-8080-exec-1] o.s.web.servlet.DispatcherServlet        : Completed initialization in 1 ms
2024-08-26 16:24:42.963  INFO 17664 --- [SpringApplicationShutdownHook] j.LocalContainerEntityManagerFactoryBean : Closing JPA EntityManagerFactory for persistence unit 'default'
2024-08-26 16:24:42.965  INFO 17664 --- [SpringApplicationShutdownHook] com.zaxxer.hikari.HikariDataSource       : HikariPool-1 - Shutdown initiated...
2024-08-26 16:24:42.971  INFO 17664 --- [SpringApplicationShutdownHook] com.zaxxer.hikari.HikariDataSource       : HikariPool-1 - Shutdown completed.
